-------------------------------------------------------------------------------
Test set: com.example.payroll.PayrollApplicationTests
-------------------------------------------------------------------------------
Tests run: 1, Failures: 1, Errors: 0, Skipped: 0, Time elapsed: 1.016 s <<< FAILURE! - in com.example.payroll.PayrollApplicationTests
testGetEmployeesSuccess  Time elapsed: 0.031 s  <<< FAILURE!
java.lang.AssertionError: Status expected:<200> but was:<201>
	at com.example.payroll.PayrollApplicationTests.testGetEmployeesSuccess(PayrollApplicationTests.java:41)

