-------------------------------------------------------------------------------
Test set: com.example.payroll.PayrollApplicationIntegrationTests
-------------------------------------------------------------------------------
Tests run: 1, Failures: 1, Errors: 0, Skipped: 0, Time elapsed: 6.534 s <<< FAILURE! - in com.example.payroll.PayrollApplicationIntegrationTests
testGetEmployeesSuccess  Time elapsed: 0.43 s  <<< FAILURE!
java.lang.AssertionError: Status expected:<200> but was:<201>
	at com.example.payroll.PayrollApplicationIntegrationTests.testGetEmployeesSuccess(PayrollApplicationIntegrationTests.java:28)

